# JRE version: OpenJDK Runtime Environment (8.0_76-b03) (build 1.8.0_76-release-b03)
# Java VM: OpenJDK 64-Bit Server VM (25.76-b03 mixed mode linux-amd64 compressed oops)
Heap:
 PSYoungGen      total 198656K, used 23666K [0x00000000eab00000, 0x0000000100000000, 0x0000000100000000)
  eden space 116736K, 0% used [0x00000000eab00000,0x00000000eab00000,0x00000000f1d00000)
  from space 81920K, 28% used [0x00000000fb000000,0x00000000fc71cb10,0x0000000100000000)
  to   space 116224K, 0% used [0x00000000f1d00000,0x00000000f1d00000,0x00000000f8e80000)
 ParOldGen       total 162816K, used 162693K [0x00000000c0000000, 0x00000000c9f00000, 0x00000000eab00000)
  object space 162816K, 99% used [0x00000000c0000000,0x00000000c9ee17c0,0x00000000c9f00000)
 Metaspace       used 6422K, capacity 7216K, committed 7296K, reserved 1056768K
  class space    used 591K, capacity 616K, committed 640K, reserved 1048576K
GC Heap History (10 events):
Event: 12.275 GC heap after
Heap after GC invocations=7 (full 0):
 PSYoungGen      total 144896K, used 34799K [0x00000000eab00000, 0x00000000fde00000, 0x0000000100000000)
  eden space 110080K, 0% used [0x00000000eab00000,0x00000000eab00000,0x00000000f1680000)
  from space 34816K, 99% used [0x00000000f1680000,0x00000000f387bd68,0x00000000f3880000)
  to   space 47104K, 0% used [0x00000000fb000000,0x00000000fb000000,0x00000000fde00000)
 ParOldGen       total 84992K, used 59865K [0x00000000c0000000, 0x00000000c5300000, 0x00000000eab00000)
  object space 84992K, 70% used [0x00000000c0000000,0x00000000c3a76778,0x00000000c5300000)
 Metaspace       used 6268K, capacity 7088K, committed 7296K, reserved 1056768K
  class space    used 591K, capacity 616K, committed 640K, reserved 1048576K
}
Event: 16.352 GC heap before
{Heap before GC invocations=8 (full 0):
 PSYoungGen      total 144896K, used 144879K [0x00000000eab00000, 0x00000000fde00000, 0x0000000100000000)
  eden space 110080K, 100% used [0x00000000eab00000,0x00000000f1680000,0x00000000f1680000)
  from space 34816K, 99% used [0x00000000f1680000,0x00000000f387bd68,0x00000000f3880000)
  to   space 47104K, 0% used [0x00000000fb000000,0x00000000fb000000,0x00000000fde00000)
 ParOldGen       total 84992K, used 59865K [0x00000000c0000000, 0x00000000c5300000, 0x00000000eab00000)
  object space 84992K, 70% used [0x00000000c0000000,0x00000000c3a76778,0x00000000c5300000)
 Metaspace       used 6411K, capacity 7216K, committed 7296K, reserved 1056768K
  class space    used 591K, capacity 616K, committed 640K, reserved 1048576K
Event: 16.790 GC heap after
Heap after GC invocations=8 (full 0):
 PSYoungGen      total 246784K, used 47082K [0x00000000eab00000, 0x0000000100000000, 0x0000000100000000)
  eden space 199680K, 0% used [0x00000000eab00000,0x00000000eab00000,0x00000000f6e00000)
  from space 47104K, 99% used [0x00000000fb000000,0x00000000fddfa9b8,0x00000000fde00000)
  to   space 67584K, 0% used [0x00000000f6e00000,0x00000000f6e00000,0x00000000fb000000)
 ParOldGen       total 88064K, used 86614K [0x00000000c0000000, 0x00000000c5600000, 0x00000000eab00000)
  object space 88064K, 98% used [0x00000000c0000000,0x00000000c5495ba8,0x00000000c5600000)
 Metaspace       used 6411K, capacity 7216K, committed 7296K, reserved 1056768K
  class space    used 591K, capacity 616K, committed 640K, reserved 1048576K
}
Event: 16.790 GC heap before
{Heap before GC invocations=9 (full 1):
 PSYoungGen      total 246784K, used 47082K [0x00000000eab00000, 0x0000000100000000, 0x0000000100000000)
  eden space 199680K, 0% used [0x00000000eab00000,0x00000000eab00000,0x00000000f6e00000)
  from space 47104K, 99% used [0x00000000fb000000,0x00000000fddfa9b8,0x00000000fde00000)
  to   space 67584K, 0% used [0x00000000f6e00000,0x00000000f6e00000,0x00000000fb000000)
 ParOldGen       total 88064K, used 86614K [0x00000000c0000000, 0x00000000c5600000, 0x00000000eab00000)
  object space 88064K, 98% used [0x00000000c0000000,0x00000000c5495ba8,0x00000000c5600000)
 Metaspace       used 6411K, capacity 7216K, committed 7296K, reserved 1056768K
  class space    used 591K, capacity 616K, committed 640K, reserved 1048576K
Event: 18.767 GC heap after
Heap after GC invocations=9 (full 1):
 PSYoungGen      total 246784K, used 0K [0x00000000eab00000, 0x0000000100000000, 0x0000000100000000)
  eden space 199680K, 0% used [0x00000000eab00000,0x00000000eab00000,0x00000000f6e00000)
  from space 47104K, 0% used [0x00000000fb000000,0x00000000fb000000,0x00000000fde00000)
  to   space 67584K, 0% used [0x00000000f6e00000,0x00000000f6e00000,0x00000000fb000000)
 ParOldGen       total 162816K, used 84643K [0x00000000c0000000, 0x00000000c9f00000, 0x00000000eab00000)
  object space 162816K, 51% used [0x00000000c0000000,0x00000000c52a8ff0,0x00000000c9f00000)
 Metaspace       used 6411K, capacity 7216K, committed 7296K, reserved 1056768K
  class space    used 591K, capacity 616K, committed 640K, reserved 1048576K
}
Event: 19.996 GC heap before
{Heap before GC invocations=10 (full 1):
 PSYoungGen      total 246784K, used 199680K [0x00000000eab00000, 0x0000000100000000, 0x0000000100000000)
  eden space 199680K, 100% used [0x00000000eab00000,0x00000000f6e00000,0x00000000f6e00000)
  from space 47104K, 0% used [0x00000000fb000000,0x00000000fb000000,0x00000000fde00000)
  to   space 67584K, 0% used [0x00000000f6e00000,0x00000000f6e00000,0x00000000fb000000)
 ParOldGen       total 162816K, used 84643K [0x00000000c0000000, 0x00000000c9f00000, 0x00000000eab00000)
  object space 162816K, 51% used [0x00000000c0000000,0x00000000c52a8ff0,0x00000000c9f00000)
 Metaspace       used 6414K, capacity 7216K, committed 7296K, reserved 1056768K
  class space    used 591K, capacity 616K, committed 640K, reserved 1048576K
Event: 20.257 GC heap after
Heap after GC invocations=10 (full 1):
 PSYoungGen      total 267264K, used 67555K [0x00000000eab00000, 0x0000000100000000, 0x0000000100000000)
  eden space 199680K, 0% used [0x00000000eab00000,0x00000000eab00000,0x00000000f6e00000)
  from space 67584K, 99% used [0x00000000f6e00000,0x00000000faff8d88,0x00000000fb000000)
  to   space 81920K, 0% used [0x00000000fb000000,0x00000000fb000000,0x0000000100000000)
 ParOldGen       total 162816K, used 111566K [0x00000000c0000000, 0x00000000c9f00000, 0x00000000eab00000)
  object space 162816K, 68% used [0x00000000c0000000,0x00000000c6cf3838,0x00000000c9f00000)
 Metaspace       used 6414K, capacity 7216K, committed 7296K, reserved 1056768K
  class space    used 591K, capacity 616K, committed 640K, reserved 1048576K
}
Event: 21.459 GC heap before
{Heap before GC invocations=11 (full 1):
 PSYoungGen      total 267264K, used 267235K [0x00000000eab00000, 0x0000000100000000, 0x0000000100000000)
  eden space 199680K, 100% used [0x00000000eab00000,0x00000000f6e00000,0x00000000f6e00000)
  from space 67584K, 99% used [0x00000000f6e00000,0x00000000faff8d88,0x00000000fb000000)
  to   space 81920K, 0% used [0x00000000fb000000,0x00000000fb000000,0x0000000100000000)
 ParOldGen       total 162816K, used 111566K [0x00000000c0000000, 0x00000000c9f00000, 0x00000000eab00000)
  object space 162816K, 68% used [0x00000000c0000000,0x00000000c6cf3838,0x00000000c9f00000)
 Metaspace       used 6422K, capacity 7216K, committed 7296K, reserved 1056768K
  class space    used 591K, capacity 616K, committed 640K, reserved 1048576K
Event: 21.809 GC heap after
Heap after GC invocations=11 (full 1):
 PSYoungGen      total 198656K, used 81904K [0x00000000eab00000, 0x0000000100000000, 0x0000000100000000)
  eden space 116736K, 0% used [0x00000000eab00000,0x00000000eab00000,0x00000000f1d00000)
  from space 81920K, 99% used [0x00000000fb000000,0x00000000ffffc370,0x0000000100000000)
  to   space 116224K, 0% used [0x00000000f1d00000,0x00000000f1d00000,0x00000000f8e80000)
 ParOldGen       total 162816K, used 157110K [0x00000000c0000000, 0x00000000c9f00000, 0x00000000eab00000)
  object space 162816K, 96% used [0x00000000c0000000,0x00000000c996dbc8,0x00000000c9f00000)
 Metaspace       used 6422K, capacity 7216K, committed 7296K, reserved 1056768K
  class space    used 591K, capacity 616K, committed 640K, reserved 1048576K
}
Event: 21.809 GC heap before
{Heap before GC invocations=12 (full 2):
 PSYoungGen      total 198656K, used 81904K [0x00000000eab00000, 0x0000000100000000, 0x0000000100000000)
  eden space 116736K, 0% used [0x00000000eab00000,0x00000000eab00000,0x00000000f1d00000)
  from space 81920K, 99% used [0x00000000fb000000,0x00000000ffffc370,0x0000000100000000)
  to   space 116224K, 0% used [0x00000000f1d00000,0x00000000f1d00000,0x00000000f8e80000)
 ParOldGen       total 162816K, used 157110K [0x00000000c0000000, 0x00000000c9f00000, 0x00000000eab00000)
  object space 162816K, 96% used [0x00000000c0000000,0x00000000c996dbc8,0x00000000c9f00000)
 Metaspace       used 6422K, capacity 7216K, committed 7296K, reserved 1056768K
  class space    used 591K, capacity 616K, committed 640K, reserved 1048576K

