# JRE version: OpenJDK Runtime Environment (8.0_76-b03) (build 1.8.0_76-release-b03)
# Java VM: OpenJDK 64-Bit Server VM (25.76-b03 mixed mode linux-amd64 compressed oops)
Heap:
 PSYoungGen      total 284160K, used 8383K [0x00000000eab00000, 0x0000000100000000, 0x0000000100000000)
  eden space 219136K, 0% used [0x00000000eab00000,0x00000000eab00000,0x00000000f8100000)
  from space 65024K, 12% used [0x00000000f8100000,0x00000000f892fdb0,0x00000000fc080000)
  to   space 63488K, 0% used [0x00000000fc200000,0x00000000fc200000,0x0000000100000000)
 ParOldGen       total 147456K, used 147091K [0x00000000c0000000, 0x00000000c9000000, 0x00000000eab00000)
  object space 147456K, 99% used [0x00000000c0000000,0x00000000c8fa4d90,0x00000000c9000000)
 Metaspace       used 6516K, capacity 7280K, committed 7552K, reserved 1056768K
  class space    used 593K, capacity 616K, committed 640K, reserved 1048576K
GC Heap History (10 events):
Event: 3.269 GC heap after
Heap after GC invocations=8 (full 0):
 PSYoungGen      total 268800K, used 30716K [0x00000000eab00000, 0x00000000fe900000, 0x0000000100000000)
  eden space 238080K, 0% used [0x00000000eab00000,0x00000000eab00000,0x00000000f9380000)
  from space 30720K, 99% used [0x00000000fba00000,0x00000000fd7ff200,0x00000000fd800000)
  to   space 39424K, 0% used [0x00000000f9380000,0x00000000f9380000,0x00000000fba00000)
 ParOldGen       total 84992K, used 34520K [0x00000000c0000000, 0x00000000c5300000, 0x00000000eab00000)
  object space 84992K, 40% used [0x00000000c0000000,0x00000000c21b6100,0x00000000c5300000)
 Metaspace       used 6381K, capacity 7216K, committed 7296K, reserved 1056768K
  class space    used 593K, capacity 616K, committed 640K, reserved 1048576K
}
Event: 18.530 GC heap before
{Heap before GC invocations=9 (full 0):
 PSYoungGen      total 268800K, used 268796K [0x00000000eab00000, 0x00000000fe900000, 0x0000000100000000)
  eden space 238080K, 100% used [0x00000000eab00000,0x00000000f9380000,0x00000000f9380000)
  from space 30720K, 99% used [0x00000000fba00000,0x00000000fd7ff200,0x00000000fd800000)
  to   space 39424K, 0% used [0x00000000f9380000,0x00000000f9380000,0x00000000fba00000)
 ParOldGen       total 84992K, used 34520K [0x00000000c0000000, 0x00000000c5300000, 0x00000000eab00000)
  object space 84992K, 40% used [0x00000000c0000000,0x00000000c21b6100,0x00000000c5300000)
 Metaspace       used 6449K, capacity 7216K, committed 7296K, reserved 1056768K
  class space    used 593K, capacity 616K, committed 640K, reserved 1048576K
Event: 28.441 GC heap after
Heap after GC invocations=9 (full 0):
 PSYoungGen      total 277504K, used 39416K [0x00000000eab00000, 0x0000000100000000, 0x0000000100000000)
  eden space 238080K, 0% used [0x00000000eab00000,0x00000000eab00000,0x00000000f9380000)
  from space 39424K, 99% used [0x00000000f9380000,0x00000000fb9fe0e8,0x00000000fba00000)
  to   space 56832K, 0% used [0x00000000fc880000,0x00000000fc880000,0x0000000100000000)
 ParOldGen       total 84992K, used 59385K [0x00000000c0000000, 0x00000000c5300000, 0x00000000eab00000)
  object space 84992K, 69% used [0x00000000c0000000,0x00000000c39fe710,0x00000000c5300000)
 Metaspace       used 6449K, capacity 7216K, committed 7296K, reserved 1056768K
  class space    used 593K, capacity 616K, committed 640K, reserved 1048576K
}
Event: 30.832 GC heap before
{Heap before GC invocations=10 (full 0):
 PSYoungGen      total 277504K, used 277496K [0x00000000eab00000, 0x0000000100000000, 0x0000000100000000)
  eden space 238080K, 100% used [0x00000000eab00000,0x00000000f9380000,0x00000000f9380000)
  from space 39424K, 99% used [0x00000000f9380000,0x00000000fb9fe0e8,0x00000000fba00000)
  to   space 56832K, 0% used [0x00000000fc880000,0x00000000fc880000,0x0000000100000000)
 ParOldGen       total 84992K, used 59385K [0x00000000c0000000, 0x00000000c5300000, 0x00000000eab00000)
  object space 84992K, 69% used [0x00000000c0000000,0x00000000c39fe710,0x00000000c5300000)
 Metaspace       used 6494K, capacity 7280K, committed 7552K, reserved 1056768K
  class space    used 593K, capacity 616K, committed 640K, reserved 1048576K
Event: 30.965 GC heap after
Heap after GC invocations=10 (full 0):
 PSYoungGen      total 275968K, used 52338K [0x00000000eab00000, 0x0000000100000000, 0x0000000100000000)
  eden space 219136K, 0% used [0x00000000eab00000,0x00000000eab00000,0x00000000f8100000)
  from space 56832K, 92% used [0x00000000fc880000,0x00000000ffb9cbb8,0x0000000100000000)
  to   space 65024K, 0% used [0x00000000f8100000,0x00000000f8100000,0x00000000fc080000)
 ParOldGen       total 84992K, used 81285K [0x00000000c0000000, 0x00000000c5300000, 0x00000000eab00000)
  object space 84992K, 95% used [0x00000000c0000000,0x00000000c4f61428,0x00000000c5300000)
 Metaspace       used 6494K, capacity 7280K, committed 7552K, reserved 1056768K
  class space    used 593K, capacity 616K, committed 640K, reserved 1048576K
}
Event: 30.965 GC heap before
{Heap before GC invocations=11 (full 1):
 PSYoungGen      total 275968K, used 52338K [0x00000000eab00000, 0x0000000100000000, 0x0000000100000000)
  eden space 219136K, 0% used [0x00000000eab00000,0x00000000eab00000,0x00000000f8100000)
  from space 56832K, 92% used [0x00000000fc880000,0x00000000ffb9cbb8,0x0000000100000000)
  to   space 65024K, 0% used [0x00000000f8100000,0x00000000f8100000,0x00000000fc080000)
 ParOldGen       total 84992K, used 81285K [0x00000000c0000000, 0x00000000c5300000, 0x00000000eab00000)
  object space 84992K, 95% used [0x00000000c0000000,0x00000000c4f61428,0x00000000c5300000)
 Metaspace       used 6494K, capacity 7280K, committed 7552K, reserved 1056768K
  class space    used 593K, capacity 616K, committed 640K, reserved 1048576K
Event: 31.747 GC heap after
Heap after GC invocations=11 (full 1):
 PSYoungGen      total 275968K, used 43192K [0x00000000eab00000, 0x0000000100000000, 0x0000000100000000)
  eden space 219136K, 0% used [0x00000000eab00000,0x00000000eab00000,0x00000000f8100000)
  from space 56832K, 76% used [0x00000000fc880000,0x00000000ff2ae1f0,0x0000000100000000)
  to   space 65024K, 0% used [0x00000000f8100000,0x00000000f8100000,0x00000000fc080000)
 ParOldGen       total 147456K, used 84648K [0x00000000c0000000, 0x00000000c9000000, 0x00000000eab00000)
  object space 147456K, 57% used [0x00000000c0000000,0x00000000c52aa0a8,0x00000000c9000000)
 Metaspace       used 6494K, capacity 7280K, committed 7552K, reserved 1056768K
  class space    used 593K, capacity 616K, committed 640K, reserved 1048576K
}
Event: 33.313 GC heap before
{Heap before GC invocations=12 (full 1):
 PSYoungGen      total 275968K, used 262328K [0x00000000eab00000, 0x0000000100000000, 0x0000000100000000)
  eden space 219136K, 100% used [0x00000000eab00000,0x00000000f8100000,0x00000000f8100000)
  from space 56832K, 76% used [0x00000000fc880000,0x00000000ff2ae1f0,0x0000000100000000)
  to   space 65024K, 0% used [0x00000000f8100000,0x00000000f8100000,0x00000000fc080000)
 ParOldGen       total 147456K, used 84648K [0x00000000c0000000, 0x00000000c9000000, 0x00000000eab00000)
  object space 147456K, 57% used [0x00000000c0000000,0x00000000c52aa0a8,0x00000000c9000000)
 Metaspace       used 6516K, capacity 7280K, committed 7552K, reserved 1056768K
  class space    used 593K, capacity 616K, committed 640K, reserved 1048576K
Event: 33.935 GC heap after
Heap after GC invocations=12 (full 1):
 PSYoungGen      total 284160K, used 31097K [0x00000000eab00000, 0x0000000100000000, 0x0000000100000000)
  eden space 219136K, 0% used [0x00000000eab00000,0x00000000eab00000,0x00000000f8100000)
  from space 65024K, 47% used [0x00000000f8100000,0x00000000f9f5e6b0,0x00000000fc080000)
  to   space 63488K, 0% used [0x00000000fc200000,0x00000000fc200000,0x0000000100000000)
 ParOldGen       total 147456K, used 126767K [0x00000000c0000000, 0x00000000c9000000, 0x00000000eab00000)
  object space 147456K, 85% used [0x00000000c0000000,0x00000000c7bcbd68,0x00000000c9000000)
 Metaspace       used 6516K, capacity 7280K, committed 7552K, reserved 1056768K
  class space    used 593K, capacity 616K, committed 640K, reserved 1048576K
}
Event: 35.015 GC heap before
{Heap before GC invocations=13 (full 2):
 PSYoungGen      total 284160K, used 31097K [0x00000000eab00000, 0x0000000100000000, 0x0000000100000000)
  eden space 219136K, 0% used [0x00000000eab00000,0x00000000eab00000,0x00000000f8100000)
  from space 65024K, 47% used [0x00000000f8100000,0x00000000f9f5e6b0,0x00000000fc080000)
  to   space 63488K, 0% used [0x00000000fc200000,0x00000000fc200000,0x0000000100000000)
 ParOldGen       total 147456K, used 126767K [0x00000000c0000000, 0x00000000c9000000, 0x00000000eab00000)
  object space 147456K, 85% used [0x00000000c0000000,0x00000000c7bcbd68,0x00000000c9000000)
 Metaspace       used 6516K, capacity 7280K, committed 7552K, reserved 1056768K
  class space    used 593K, capacity 616K, committed 640K, reserved 1048576K

